<?xml version="1.0" encoding="UTF-8"?>
<testng-results ignored="0" total="1" passed="1" failed="0" skipped="0">
  <reporter-output>
  </reporter-output>
  <suite started-at="2022-11-09T11:20:41 IST" name="Suite" finished-at="2022-11-09T11:21:18 IST" duration-ms="37430">
    <groups>
    </groups>
    <test started-at="2022-11-09T11:20:41 IST" name="Test" finished-at="2022-11-09T11:21:18 IST" duration-ms="37430">
      <class name="Test.LoginHRM">
        <test-method signature="register()[pri:0, instance:Test.LoginHRM@5136d012]" started-at="2022-11-09T11:20:41 IST" name="register" finished-at="2022-11-09T11:21:18 IST" duration-ms="37334" status="PASS">
          <reporter-output>
          </reporter-output>
        </test-method> <!-- register -->
      </class> <!-- Test.LoginHRM -->
    </test> <!-- Test -->
  </suite> <!-- Suite -->
</testng-results>
